2024-11-29 22:28:49,038 - ../../data/WTM_univariate/cor._nacelle_direction.orc being aggregated
2024-11-29 22:28:49,063 - ../../data/WTM_univariate/cor._nacelle_direction.orc done
2024-11-29 22:28:49,063 - ../../data/WTM_univariate/pitch_angle.orc being aggregated
2024-11-29 22:28:49,083 - ../../data/WTM_univariate/pitch_angle.orc done
2024-11-29 22:28:49,083 - ../../data/WTM_univariate/active_power.orc being aggregated
2024-11-29 22:28:49,103 - ../../data/WTM_univariate/active_power.orc done
2024-11-29 22:28:49,103 - ../../data/WTM_univariate/rotor_speed.orc being aggregated
2024-11-29 22:28:49,121 - ../../data/WTM_univariate/rotor_speed.orc done
2024-11-29 22:28:49,121 - ../../data/WTM_univariate/cos_nacelle_dir.orc being aggregated
2024-11-29 22:28:49,141 - ../../data/WTM_univariate/cos_nacelle_dir.orc done
2024-11-29 22:28:49,141 - ../../data/WTM_univariate/sin_wind_dir.orc being aggregated
2024-11-29 22:28:49,159 - ../../data/WTM_univariate/sin_wind_dir.orc done
2024-11-29 22:28:49,159 - ../../data/WTM_univariate/sin_nacelle_dir.orc being aggregated
2024-11-29 22:28:49,179 - ../../data/WTM_univariate/sin_nacelle_dir.orc done
2024-11-29 22:28:49,179 - ../../data/WTM_univariate/cos_wind_dir.orc being aggregated
2024-11-29 22:28:49,197 - ../../data/WTM_univariate/cos_wind_dir.orc done
2024-11-29 22:28:49,197 - ../../data/WTM_univariate/wind_speed.orc being aggregated
2024-11-29 22:28:49,217 - ../../data/WTM_univariate/wind_speed.orc done
2024-11-29 22:28:49,217 - ../../data/WTM_univariate/cor._wind_direction.orc being aggregated
2024-11-29 22:28:49,236 - ../../data/WTM_univariate/cor._wind_direction.orc done
2024-11-29 22:28:49,236 - ../../data/WTM_univariate/cor._nacelle_direction.orc being aggregated
2024-11-29 22:28:49,256 - ../../data/WTM_univariate/cor._nacelle_direction.orc done
2024-11-29 22:28:49,256 - ../../data/WTM_univariate/pitch_angle.orc being aggregated
2024-11-29 22:28:49,274 - ../../data/WTM_univariate/pitch_angle.orc done
2024-11-29 22:28:49,275 - ../../data/WTM_univariate/active_power.orc being aggregated
2024-11-29 22:28:49,296 - ../../data/WTM_univariate/active_power.orc done
2024-11-29 22:28:49,296 - ../../data/WTM_univariate/rotor_speed.orc being aggregated
2024-11-29 22:28:49,315 - ../../data/WTM_univariate/rotor_speed.orc done
2024-11-29 22:28:49,315 - ../../data/WTM_univariate/cos_nacelle_dir.orc being aggregated
2024-11-29 22:28:49,334 - ../../data/WTM_univariate/cos_nacelle_dir.orc done
2024-11-29 22:28:49,334 - ../../data/WTM_univariate/sin_wind_dir.orc being aggregated
2024-11-29 22:28:49,353 - ../../data/WTM_univariate/sin_wind_dir.orc done
2024-11-29 22:28:49,353 - ../../data/WTM_univariate/sin_nacelle_dir.orc being aggregated
2024-11-29 22:28:49,371 - ../../data/WTM_univariate/sin_nacelle_dir.orc done
2024-11-29 22:28:49,371 - ../../data/WTM_univariate/cos_wind_dir.orc being aggregated
2024-11-29 22:28:49,393 - ../../data/WTM_univariate/cos_wind_dir.orc done
2024-11-29 22:28:49,393 - ../../data/WTM_univariate/wind_speed.orc being aggregated
2024-11-29 22:28:49,414 - ../../data/WTM_univariate/wind_speed.orc done
2024-11-29 22:28:49,414 - ../../data/WTM_univariate/cor._wind_direction.orc being aggregated
2024-11-29 22:28:49,433 - ../../data/WTM_univariate/cor._wind_direction.orc done
2024-11-29 22:28:49,433 - Job finished in 0.3950 seconds
